<?xml version="1.0" encoding="UTF-8"?>
<testsuite xmlns:xsi="http://www.w3.org/2001/XMLSchema-instance" xsi:noNamespaceSchemaLocation="https://maven.apache.org/surefire/maven-surefire-plugin/xsd/surefire-test-report.xsd" name="controller.AdminControllerTest" time="7.415" tests="3" errors="0" skipped="0" failures="3">
  <properties>
[...]
</properties>
  <testcase name="deleteWithnonadminAsRole" classname="controller.AdminControllerTest" time="0.346">
    <failure message="Status expected:&lt;403&gt; but was:&lt;404&gt;" type="java.lang.AssertionError"><![CDATA[java.lang.AssertionError: Status expected:<403> but was:<404>
	at controller.AdminControllerTest.deleteWithnonadminAsRole(AdminControllerTest.java:42)
]]></failure>
    <system-out><![CDATA[22:20:01.644 [main] DEBUG org.springframework.test.context.junit4.SpringJUnit4ClassRunner - SpringJUnit4ClassRunner constructor called with [class controller.AdminControllerTest]
22:20:01.644 [main] DEBUG org.springframework.test.context.BootstrapUtils - Instantiating CacheAwareContextLoaderDelegate from class [org.springframework.test.context.cache.DefaultCacheAwareContextLoaderDelegate]
22:20:01.660 [main] DEBUG org.springframework.test.context.BootstrapUtils - Instantiating BootstrapContext using constructor [public org.springframework.test.context.support.DefaultBootstrapContext(java.lang.Class,org.springframework.test.context.CacheAwareContextLoaderDelegate)]
22:20:01.738 [main] DEBUG org.springframework.test.context.BootstrapUtils - Instantiating TestContextBootstrapper for test class [controller.AdminControllerTest] from class [org.springframework.boot.test.context.SpringBootTestContextBootstrapper]
22:20:01.785 [main] INFO org.springframework.boot.test.context.SpringBootTestContextBootstrapper - Neither @ContextConfiguration nor @ContextHierarchy found for test class [controller.AdminControllerTest], using SpringBootContextLoader
22:20:01.800 [main] DEBUG org.springframework.test.context.support.AbstractContextLoader - Did not detect default resource location for test class [controller.AdminControllerTest]: class path resource [controller/AdminControllerTest-context.xml] does not exist
22:20:01.800 [main] DEBUG org.springframework.test.context.support.AbstractContextLoader - Did not detect default resource location for test class [controller.AdminControllerTest]: class path resource [controller/AdminControllerTestContext.groovy] does not exist
22:20:01.800 [main] INFO org.springframework.test.context.support.AbstractContextLoader - Could not detect default resource locations for test class [controller.AdminControllerTest]: no resource found for suffixes {-context.xml, Context.groovy}.
22:20:01.894 [main] DEBUG org.springframework.test.context.support.ActiveProfilesUtils - Could not find an 'annotation declaring class' for annotation type [org.springframework.test.context.ActiveProfiles] and class [controller.AdminControllerTest]
22:20:02.123 [main] DEBUG org.springframework.boot.test.context.SpringBootTestContextBootstrapper - @TestExecutionListeners is not present for class [controller.AdminControllerTest]: using defaults.
22:20:02.125 [main] INFO org.springframework.boot.test.context.SpringBootTestContextBootstrapper - Loaded default TestExecutionListener class names from location [META-INF/spring.factories]: [org.springframework.boot.test.mock.mockito.MockitoTestExecutionListener, org.springframework.boot.test.mock.mockito.ResetMocksTestExecutionListener, org.springframework.boot.test.autoconfigure.restdocs.RestDocsTestExecutionListener, org.springframework.boot.test.autoconfigure.web.client.MockRestServiceServerResetTestExecutionListener, org.springframework.boot.test.autoconfigure.web.servlet.MockMvcPrintOnlyOnFailureTestExecutionListener, org.springframework.boot.test.autoconfigure.web.servlet.WebDriverTestExecutionListener, org.springframework.test.context.web.ServletTestExecutionListener, org.springframework.test.context.support.DirtiesContextBeforeModesTestExecutionListener, org.springframework.test.context.support.DependencyInjectionTestExecutionListener, org.springframework.test.context.support.DirtiesContextTestExecutionListener, org.springframework.test.context.transaction.TransactionalTestExecutionListener, org.springframework.test.context.jdbc.SqlScriptsTestExecutionListener, org.springframework.test.context.event.EventPublishingTestExecutionListener]
22:20:02.181 [main] INFO org.springframework.boot.test.context.SpringBootTestContextBootstrapper - Using TestExecutionListeners: [org.springframework.test.context.web.ServletTestExecutionListener@26275bef, org.springframework.test.context.support.DirtiesContextBeforeModesTestExecutionListener@7690781, org.springframework.boot.test.mock.mockito.MockitoTestExecutionListener@77eca502, org.springframework.boot.test.autoconfigure.SpringBootDependencyInjectionTestExecutionListener@3246fb96, org.springframework.test.context.support.DirtiesContextTestExecutionListener@2e222612, org.springframework.test.context.transaction.TransactionalTestExecutionListener@61386958, org.springframework.test.context.jdbc.SqlScriptsTestExecutionListener@73ee04c8, org.springframework.test.context.event.EventPublishingTestExecutionListener@7671cb68, org.springframework.boot.test.mock.mockito.ResetMocksTestExecutionListener@49dc7102, org.springframework.boot.test.autoconfigure.restdocs.RestDocsTestExecutionListener@6b8ca3c8, org.springframework.boot.test.autoconfigure.web.client.MockRestServiceServerResetTestExecutionListener@68c72235, org.springframework.boot.test.autoconfigure.web.servlet.MockMvcPrintOnlyOnFailureTestExecutionListener@10959ece, org.springframework.boot.test.autoconfigure.web.servlet.WebDriverTestExecutionListener@3a6bb9bf]
22:20:02.199 [main] DEBUG org.springframework.test.annotation.ProfileValueUtils - Retrieved @ProfileValueSourceConfiguration [null] for test class [controller.AdminControllerTest]
22:20:02.214 [main] DEBUG org.springframework.test.annotation.ProfileValueUtils - Retrieved ProfileValueSource type [class org.springframework.test.annotation.SystemProfileValueSource] for class [controller.AdminControllerTest]
22:20:02.296 [main] DEBUG org.springframework.test.context.junit4.SpringJUnit4ClassRunner - SpringJUnit4ClassRunner constructor called with [class controller.AnswerControllerTest]
22:20:02.296 [main] DEBUG org.springframework.test.context.BootstrapUtils - Instantiating CacheAwareContextLoaderDelegate from class [org.springframework.test.context.cache.DefaultCacheAwareContextLoaderDelegate]
22:20:02.296 [main] DEBUG org.springframework.test.context.BootstrapUtils - Instantiating BootstrapContext using constructor [public org.springframework.test.context.support.DefaultBootstrapContext(java.lang.Class,org.springframework.test.context.CacheAwareContextLoaderDelegate)]
22:20:02.296 [main] DEBUG org.springframework.test.context.BootstrapUtils - Instantiating TestContextBootstrapper for test class [controller.AnswerControllerTest] from class [org.springframework.boot.test.context.SpringBootTestContextBootstrapper]
22:20:02.296 [main] INFO org.springframework.boot.test.context.SpringBootTestContextBootstrapper - Neither @ContextConfiguration nor @ContextHierarchy found for test class [controller.AnswerControllerTest], using SpringBootContextLoader
22:20:02.296 [main] DEBUG org.springframework.test.context.support.AbstractContextLoader - Did not detect default resource location for test class [controller.AnswerControllerTest]: class path resource [controller/AnswerControllerTest-context.xml] does not exist
22:20:02.312 [main] DEBUG org.springframework.test.context.support.AbstractContextLoader - Did not detect default resource location for test class [controller.AnswerControllerTest]: class path resource [controller/AnswerControllerTestContext.groovy] does not exist
22:20:02.312 [main] INFO org.springframework.test.context.support.AbstractContextLoader - Could not detect default resource locations for test class [controller.AnswerControllerTest]: no resource found for suffixes {-context.xml, Context.groovy}.
22:20:02.312 [main] DEBUG org.springframework.test.context.support.ActiveProfilesUtils - Could not find an 'annotation declaring class' for annotation type [org.springframework.test.context.ActiveProfiles] and class [controller.AnswerControllerTest]
22:20:02.312 [main] DEBUG org.springframework.boot.test.context.SpringBootTestContextBootstrapper - @TestExecutionListeners is not present for class [controller.AnswerControllerTest]: using defaults.
22:20:02.312 [main] INFO org.springframework.boot.test.context.SpringBootTestContextBootstrapper - Loaded default TestExecutionListener class names from location [META-INF/spring.factories]: [org.springframework.boot.test.mock.mockito.MockitoTestExecutionListener, org.springframework.boot.test.mock.mockito.ResetMocksTestExecutionListener, org.springframework.boot.test.autoconfigure.restdocs.RestDocsTestExecutionListener, org.springframework.boot.test.autoconfigure.web.client.MockRestServiceServerResetTestExecutionListener, org.springframework.boot.test.autoconfigure.web.servlet.MockMvcPrintOnlyOnFailureTestExecutionListener, org.springframework.boot.test.autoconfigure.web.servlet.WebDriverTestExecutionListener, org.springframework.test.context.web.ServletTestExecutionListener, org.springframework.test.context.support.DirtiesContextBeforeModesTestExecutionListener, org.springframework.test.context.support.DependencyInjectionTestExecutionListener, org.springframework.test.context.support.DirtiesContextTestExecutionListener, org.springframework.test.context.transaction.TransactionalTestExecutionListener, org.springframework.test.context.jdbc.SqlScriptsTestExecutionListener, org.springframework.test.context.event.EventPublishingTestExecutionListener]
22:20:02.327 [main] INFO org.springframework.boot.test.context.SpringBootTestContextBootstrapper - Using TestExecutionListeners: [org.springframework.test.context.web.ServletTestExecutionListener@505fc5a4, org.springframework.test.context.support.DirtiesContextBeforeModesTestExecutionListener@5fbdfdcf, org.springframework.boot.test.mock.mockito.MockitoTestExecutionListener@4efc180e, org.springframework.boot.test.autoconfigure.SpringBootDependencyInjectionTestExecutionListener@bd4dc25, org.springframework.test.context.support.DirtiesContextTestExecutionListener@25084a1e, org.springframework.test.context.transaction.TransactionalTestExecutionListener@156b88f5, org.springframework.test.context.jdbc.SqlScriptsTestExecutionListener@3bf9ce3e, org.springframework.test.context.event.EventPublishingTestExecutionListener@16610890, org.springframework.boot.test.mock.mockito.ResetMocksTestExecutionListener@71def8f8, org.springframework.boot.test.autoconfigure.restdocs.RestDocsTestExecutionListener@383bfa16, org.springframework.boot.test.autoconfigure.web.client.MockRestServiceServerResetTestExecutionListener@4d465b11, org.springframework.boot.test.autoconfigure.web.servlet.MockMvcPrintOnlyOnFailureTestExecutionListener@53fdffa1, org.springframework.boot.test.autoconfigure.web.servlet.WebDriverTestExecutionListener@5562c41e]
22:20:02.329 [main] DEBUG org.springframework.test.annotation.ProfileValueUtils - Retrieved @ProfileValueSourceConfiguration [null] for test class [controller.AnswerControllerTest]
22:20:02.329 [main] DEBUG org.springframework.test.annotation.ProfileValueUtils - Retrieved ProfileValueSource type [class org.springframework.test.annotation.SystemProfileValueSource] for class [controller.AnswerControllerTest]
22:20:02.360 [main] DEBUG org.springframework.test.context.junit4.SpringJUnit4ClassRunner - SpringJUnit4ClassRunner constructor called with [class controller.CommonControllerTest]
22:20:02.360 [main] DEBUG org.springframework.test.context.BootstrapUtils - Instantiating CacheAwareContextLoaderDelegate from class [org.springframework.test.context.cache.DefaultCacheAwareContextLoaderDelegate]
22:20:02.361 [main] DEBUG org.springframework.test.context.BootstrapUtils - Instantiating BootstrapContext using constructor [public org.springframework.test.context.support.DefaultBootstrapContext(java.lang.Class,org.springframework.test.context.CacheAwareContextLoaderDelegate)]
22:20:02.361 [main] DEBUG org.springframework.test.context.BootstrapUtils - Instantiating TestContextBootstrapper for test class [controller.CommonControllerTest] from class [org.springframework.boot.test.context.SpringBootTestContextBootstrapper]
22:20:02.363 [main] INFO org.springframework.boot.test.context.SpringBootTestContextBootstrapper - Neither @ContextConfiguration nor @ContextHierarchy found for test class [controller.CommonControllerTest], using SpringBootContextLoader
22:20:02.365 [main] DEBUG org.springframework.test.context.support.AbstractContextLoader - Did not detect default resource location for test class [controller.CommonControllerTest]: class path resource [controller/CommonControllerTest-context.xml] does not exist
22:20:02.365 [main] DEBUG org.springframework.test.context.support.AbstractContextLoader - Did not detect default resource location for test class [controller.CommonControllerTest]: class path resource [controller/CommonControllerTestContext.groovy] does not exist
22:20:02.366 [main] INFO org.springframework.test.context.support.AbstractContextLoader - Could not detect default resource locations for test class [controller.CommonControllerTest]: no resource found for suffixes {-context.xml, Context.groovy}.
22:20:02.372 [main] DEBUG org.springframework.test.context.support.ActiveProfilesUtils - Could not find an 'annotation declaring class' for annotation type [org.springframework.test.context.ActiveProfiles] and class [controller.CommonControllerTest]
22:20:02.377 [main] DEBUG org.springframework.boot.test.context.SpringBootTestContextBootstrapper - @TestExecutionListeners is not present for class [controller.CommonControllerTest]: using defaults.
22:20:02.377 [main] INFO org.springframework.boot.test.context.SpringBootTestContextBootstrapper - Loaded default TestExecutionListener class names from location [META-INF/spring.factories]: [org.springframework.boot.test.mock.mockito.MockitoTestExecutionListener, org.springframework.boot.test.mock.mockito.ResetMocksTestExecutionListener, org.springframework.boot.test.autoconfigure.restdocs.RestDocsTestExecutionListener, org.springframework.boot.test.autoconfigure.web.client.MockRestServiceServerResetTestExecutionListener, org.springframework.boot.test.autoconfigure.web.servlet.MockMvcPrintOnlyOnFailureTestExecutionListener, org.springframework.boot.test.autoconfigure.web.servlet.WebDriverTestExecutionListener, org.springframework.test.context.web.ServletTestExecutionListener, org.springframework.test.context.support.DirtiesContextBeforeModesTestExecutionListener, org.springframework.test.context.support.DependencyInjectionTestExecutionListener, org.springframework.test.context.support.DirtiesContextTestExecutionListener, org.springframework.test.context.transaction.TransactionalTestExecutionListener, org.springframework.test.context.jdbc.SqlScriptsTestExecutionListener, org.springframework.test.context.event.EventPublishingTestExecutionListener]
22:20:02.377 [main] INFO org.springframework.boot.test.context.SpringBootTestContextBootstrapper - Using TestExecutionListeners: [org.springframework.test.context.web.ServletTestExecutionListener@47faa49c, org.springframework.test.context.support.DirtiesContextBeforeModesTestExecutionListener@28f2a10f, org.springframework.boot.test.mock.mockito.MockitoTestExecutionListener@f736069, org.springframework.boot.test.autoconfigure.SpringBootDependencyInjectionTestExecutionListener@6da21078, org.springframework.test.context.support.DirtiesContextTestExecutionListener@7fee8714, org.springframework.test.context.transaction.TransactionalTestExecutionListener@4229bb3f, org.springframework.test.context.jdbc.SqlScriptsTestExecutionListener@56cdfb3b, org.springframework.test.context.event.EventPublishingTestExecutionListener@2b91004a, org.springframework.boot.test.mock.mockito.ResetMocksTestExecutionListener@20ccf40b, org.springframework.boot.test.autoconfigure.restdocs.RestDocsTestExecutionListener@2fb3536e, org.springframework.boot.test.autoconfigure.web.client.MockRestServiceServerResetTestExecutionListener@169e6180, org.springframework.boot.test.autoconfigure.web.servlet.MockMvcPrintOnlyOnFailureTestExecutionListener@35aea049, org.springframework.boot.test.autoconfigure.web.servlet.WebDriverTestExecutionListener@7205765b]
22:20:02.377 [main] DEBUG org.springframework.test.annotation.ProfileValueUtils - Retrieved @ProfileValueSourceConfiguration [null] for test class [controller.CommonControllerTest]
22:20:02.377 [main] DEBUG org.springframework.test.annotation.ProfileValueUtils - Retrieved ProfileValueSource type [class org.springframework.test.annotation.SystemProfileValueSource] for class [controller.CommonControllerTest]
22:20:02.399 [main] DEBUG org.springframework.test.context.junit4.SpringJUnit4ClassRunner - SpringJUnit4ClassRunner constructor called with [class controller.QuestionControllerTest]
22:20:02.399 [main] DEBUG org.springframework.test.context.BootstrapUtils - Instantiating CacheAwareContextLoaderDelegate from class [org.springframework.test.context.cache.DefaultCacheAwareContextLoaderDelegate]
22:20:02.400 [main] DEBUG org.springframework.test.context.BootstrapUtils - Instantiating BootstrapContext using constructor [public org.springframework.test.context.support.DefaultBootstrapContext(java.lang.Class,org.springframework.test.context.CacheAwareContextLoaderDelegate)]
22:20:02.401 [main] DEBUG org.springframework.test.context.BootstrapUtils - Instantiating TestContextBootstrapper for test class [controller.QuestionControllerTest] from class [org.springframework.boot.test.context.SpringBootTestContextBootstrapper]
22:20:02.403 [main] INFO org.springframework.boot.test.context.SpringBootTestContextBootstrapper - Neither @ContextConfiguration nor @ContextHierarchy found for test class [controller.QuestionControllerTest], using SpringBootContextLoader
22:20:02.404 [main] DEBUG org.springframework.test.context.support.AbstractContextLoader - Did not detect default resource location for test class [controller.QuestionControllerTest]: class path resource [controller/QuestionControllerTest-context.xml] does not exist
22:20:02.406 [main] DEBUG org.springframework.test.context.support.AbstractContextLoader - Did not detect default resource location for test class [controller.QuestionControllerTest]: class path resource [controller/QuestionControllerTestContext.groovy] does not exist
22:20:02.406 [main] INFO org.springframework.test.context.support.AbstractContextLoader - Could not detect default resource locations for test class [controller.QuestionControllerTest]: no resource found for suffixes {-context.xml, Context.groovy}.
22:20:02.408 [main] DEBUG org.springframework.test.context.support.ActiveProfilesUtils - Could not find an 'annotation declaring class' for annotation type [org.springframework.test.context.ActiveProfiles] and class [controller.QuestionControllerTest]
22:20:02.408 [main] DEBUG org.springframework.boot.test.context.SpringBootTestContextBootstrapper - @TestExecutionListeners is not present for class [controller.QuestionControllerTest]: using defaults.
22:20:02.408 [main] INFO org.springframework.boot.test.context.SpringBootTestContextBootstrapper - Loaded default TestExecutionListener class names from location [META-INF/spring.factories]: [org.springframework.boot.test.mock.mockito.MockitoTestExecutionListener, org.springframework.boot.test.mock.mockito.ResetMocksTestExecutionListener, org.springframework.boot.test.autoconfigure.restdocs.RestDocsTestExecutionListener, org.springframework.boot.test.autoconfigure.web.client.MockRestServiceServerResetTestExecutionListener, org.springframework.boot.test.autoconfigure.web.servlet.MockMvcPrintOnlyOnFailureTestExecutionListener, org.springframework.boot.test.autoconfigure.web.servlet.WebDriverTestExecutionListener, org.springframework.test.context.web.ServletTestExecutionListener, org.springframework.test.context.support.DirtiesContextBeforeModesTestExecutionListener, org.springframework.test.context.support.DependencyInjectionTestExecutionListener, org.springframework.test.context.support.DirtiesContextTestExecutionListener, org.springframework.test.context.transaction.TransactionalTestExecutionListener, org.springframework.test.context.jdbc.SqlScriptsTestExecutionListener, org.springframework.test.context.event.EventPublishingTestExecutionListener]
22:20:02.408 [main] INFO org.springframework.boot.test.context.SpringBootTestContextBootstrapper - Using TestExecutionListeners: [org.springframework.test.context.web.ServletTestExecutionListener@3b6ddd1d, org.springframework.test.context.support.DirtiesContextBeforeModesTestExecutionListener@3f6b0be5, org.springframework.boot.test.mock.mockito.MockitoTestExecutionListener@611889f4, org.springframework.boot.test.autoconfigure.SpringBootDependencyInjectionTestExecutionListener@1da2cb77, org.springframework.test.context.support.DirtiesContextTestExecutionListener@48f278eb, org.springframework.test.context.transaction.TransactionalTestExecutionListener@2f217633, org.springframework.test.context.jdbc.SqlScriptsTestExecutionListener@a530d0a, org.springframework.test.context.event.EventPublishingTestExecutionListener@1a18644, org.springframework.boot.test.mock.mockito.ResetMocksTestExecutionListener@5acf93bb, org.springframework.boot.test.autoconfigure.restdocs.RestDocsTestExecutionListener@7e7be63f, org.springframework.boot.test.autoconfigure.web.client.MockRestServiceServerResetTestExecutionListener@6cd28fa7, org.springframework.boot.test.autoconfigure.web.servlet.MockMvcPrintOnlyOnFailureTestExecutionListener@614ca7df, org.springframework.boot.test.autoconfigure.web.servlet.WebDriverTestExecutionListener@4738a206]
22:20:02.408 [main] DEBUG org.springframework.test.annotation.ProfileValueUtils - Retrieved @ProfileValueSourceConfiguration [null] for test class [controller.QuestionControllerTest]
22:20:02.408 [main] DEBUG org.springframework.test.annotation.ProfileValueUtils - Retrieved ProfileValueSource type [class org.springframework.test.annotation.SystemProfileValueSource] for class [controller.QuestionControllerTest]
22:20:02.453 [main] DEBUG org.springframework.test.context.junit4.SpringJUnit4ClassRunner - SpringJUnit4ClassRunner constructor called with [class controller.UserControllerTest]
22:20:02.453 [main] DEBUG org.springframework.test.context.BootstrapUtils - Instantiating CacheAwareContextLoaderDelegate from class [org.springframework.test.context.cache.DefaultCacheAwareContextLoaderDelegate]
22:20:02.453 [main] DEBUG org.springframework.test.context.BootstrapUtils - Instantiating BootstrapContext using constructor [public org.springframework.test.context.support.DefaultBootstrapContext(java.lang.Class,org.springframework.test.context.CacheAwareContextLoaderDelegate)]
22:20:02.453 [main] DEBUG org.springframework.test.context.BootstrapUtils - Instantiating TestContextBootstrapper for test class [controller.UserControllerTest] from class [org.springframework.boot.test.context.SpringBootTestContextBootstrapper]
22:20:02.453 [main] INFO org.springframework.boot.test.context.SpringBootTestContextBootstrapper - Neither @ContextConfiguration nor @ContextHierarchy found for test class [controller.UserControllerTest], using SpringBootContextLoader
22:20:02.453 [main] DEBUG org.springframework.test.context.support.AbstractContextLoader - Did not detect default resource location for test class [controller.UserControllerTest]: class path resource [controller/UserControllerTest-context.xml] does not exist
22:20:02.453 [main] DEBUG org.springframework.test.context.support.AbstractContextLoader - Did not detect default resource location for test class [controller.UserControllerTest]: class path resource [controller/UserControllerTestContext.groovy] does not exist
22:20:02.453 [main] INFO org.springframework.test.context.support.AbstractContextLoader - Could not detect default resource locations for test class [controller.UserControllerTest]: no resource found for suffixes {-context.xml, Context.groovy}.
22:20:02.453 [main] DEBUG org.springframework.test.context.support.ActiveProfilesUtils - Could not find an 'annotation declaring class' for annotation type [org.springframework.test.context.ActiveProfiles] and class [controller.UserControllerTest]
22:20:02.469 [main] DEBUG org.springframework.boot.test.context.SpringBootTestContextBootstrapper - @TestExecutionListeners is not present for class [controller.UserControllerTest]: using defaults.
22:20:02.469 [main] INFO org.springframework.boot.test.context.SpringBootTestContextBootstrapper - Loaded default TestExecutionListener class names from location [META-INF/spring.factories]: [org.springframework.boot.test.mock.mockito.MockitoTestExecutionListener, org.springframework.boot.test.mock.mockito.ResetMocksTestExecutionListener, org.springframework.boot.test.autoconfigure.restdocs.RestDocsTestExecutionListener, org.springframework.boot.test.autoconfigure.web.client.MockRestServiceServerResetTestExecutionListener, org.springframework.boot.test.autoconfigure.web.servlet.MockMvcPrintOnlyOnFailureTestExecutionListener, org.springframework.boot.test.autoconfigure.web.servlet.WebDriverTestExecutionListener, org.springframework.test.context.web.ServletTestExecutionListener, org.springframework.test.context.support.DirtiesContextBeforeModesTestExecutionListener, org.springframework.test.context.support.DependencyInjectionTestExecutionListener, org.springframework.test.context.support.DirtiesContextTestExecutionListener, org.springframework.test.context.transaction.TransactionalTestExecutionListener, org.springframework.test.context.jdbc.SqlScriptsTestExecutionListener, org.springframework.test.context.event.EventPublishingTestExecutionListener]
22:20:02.469 [main] INFO org.springframework.boot.test.context.SpringBootTestContextBootstrapper - Using TestExecutionListeners: [org.springframework.test.context.web.ServletTestExecutionListener@18d87d80, org.springframework.test.context.support.DirtiesContextBeforeModesTestExecutionListener@618425b5, org.springframework.boot.test.mock.mockito.MockitoTestExecutionListener@58695725, org.springframework.boot.test.autoconfigure.SpringBootDependencyInjectionTestExecutionListener@543588e6, org.springframework.test.context.support.DirtiesContextTestExecutionListener@f5acb9d, org.springframework.test.context.transaction.TransactionalTestExecutionListener@4fb3ee4e, org.springframework.test.context.jdbc.SqlScriptsTestExecutionListener@5d7148e2, org.springframework.test.context.event.EventPublishingTestExecutionListener@25fb8912, org.springframework.boot.test.mock.mockito.ResetMocksTestExecutionListener@7c24b813, org.springframework.boot.test.autoconfigure.restdocs.RestDocsTestExecutionListener@2c35e847, org.springframework.boot.test.autoconfigure.web.client.MockRestServiceServerResetTestExecutionListener@7bd4937b, org.springframework.boot.test.autoconfigure.web.servlet.MockMvcPrintOnlyOnFailureTestExecutionListener@21e360a, org.springframework.boot.test.autoconfigure.web.servlet.WebDriverTestExecutionListener@5ba3f27a]
22:20:02.469 [main] DEBUG org.springframework.test.annotation.ProfileValueUtils - Retrieved @ProfileValueSourceConfiguration [null] for test class [controller.UserControllerTest]
22:20:02.469 [main] DEBUG org.springframework.test.annotation.ProfileValueUtils - Retrieved ProfileValueSource type [class org.springframework.test.annotation.SystemProfileValueSource] for class [controller.UserControllerTest]
22:20:02.484 [main] DEBUG org.springframework.test.context.junit4.SpringJUnit4ClassRunner - SpringJUnit4ClassRunner constructor called with [class controller.AdminControllerTest]
22:20:02.484 [main] DEBUG org.springframework.test.context.BootstrapUtils - Instantiating CacheAwareContextLoaderDelegate from class [org.springframework.test.context.cache.DefaultCacheAwareContextLoaderDelegate]
22:20:02.484 [main] DEBUG org.springframework.test.context.BootstrapUtils - Instantiating BootstrapContext using constructor [public org.springframework.test.context.support.DefaultBootstrapContext(java.lang.Class,org.springframework.test.context.CacheAwareContextLoaderDelegate)]
22:20:02.484 [main] DEBUG org.springframework.test.context.BootstrapUtils - Instantiating TestContextBootstrapper for test class [controller.AdminControllerTest] from class [org.springframework.boot.test.context.SpringBootTestContextBootstrapper]
22:20:02.484 [main] INFO org.springframework.boot.test.context.SpringBootTestContextBootstrapper - Neither @ContextConfiguration nor @ContextHierarchy found for test class [controller.AdminControllerTest], using SpringBootContextLoader
22:20:02.484 [main] DEBUG org.springframework.test.context.support.AbstractContextLoader - Did not detect default resource location for test class [controller.AdminControllerTest]: class path resource [controller/AdminControllerTest-context.xml] does not exist
22:20:02.484 [main] DEBUG org.springframework.test.context.support.AbstractContextLoader - Did not detect default resource location for test class [controller.AdminControllerTest]: class path resource [controller/AdminControllerTestContext.groovy] does not exist
22:20:02.500 [main] INFO org.springframework.test.context.support.AbstractContextLoader - Could not detect default resource locations for test class [controller.AdminControllerTest]: no resource found for suffixes {-context.xml, Context.groovy}.
22:20:02.500 [main] DEBUG org.springframework.test.context.support.ActiveProfilesUtils - Could not find an 'annotation declaring class' for annotation type [org.springframework.test.context.ActiveProfiles] and class [controller.AdminControllerTest]
22:20:02.500 [main] DEBUG org.springframework.boot.test.context.SpringBootTestContextBootstrapper - @TestExecutionListeners is not present for class [controller.AdminControllerTest]: using defaults.
22:20:02.500 [main] INFO org.springframework.boot.test.context.SpringBootTestContextBootstrapper - Loaded default TestExecutionListener class names from location [META-INF/spring.factories]: [org.springframework.boot.test.mock.mockito.MockitoTestExecutionListener, org.springframework.boot.test.mock.mockito.ResetMocksTestExecutionListener, org.springframework.boot.test.autoconfigure.restdocs.RestDocsTestExecutionListener, org.springframework.boot.test.autoconfigure.web.client.MockRestServiceServerResetTestExecutionListener, org.springframework.boot.test.autoconfigure.web.servlet.MockMvcPrintOnlyOnFailureTestExecutionListener, org.springframework.boot.test.autoconfigure.web.servlet.WebDriverTestExecutionListener, org.springframework.test.context.web.ServletTestExecutionListener, org.springframework.test.context.support.DirtiesContextBeforeModesTestExecutionListener, org.springframework.test.context.support.DependencyInjectionTestExecutionListener, org.springframework.test.context.support.DirtiesContextTestExecutionListener, org.springframework.test.context.transaction.TransactionalTestExecutionListener, org.springframework.test.context.jdbc.SqlScriptsTestExecutionListener, org.springframework.test.context.event.EventPublishingTestExecutionListener]
22:20:02.500 [main] INFO org.springframework.boot.test.context.SpringBootTestContextBootstrapper - Using TestExecutionListeners: [org.springframework.test.context.web.ServletTestExecutionListener@c88a337, org.springframework.test.context.support.DirtiesContextBeforeModesTestExecutionListener@5d0a1059, org.springframework.boot.test.mock.mockito.MockitoTestExecutionListener@485966cc, org.springframework.boot.test.autoconfigure.SpringBootDependencyInjectionTestExecutionListener@1de76cc7, org.springframework.test.context.support.DirtiesContextTestExecutionListener@54bff557, org.springframework.test.context.transaction.TransactionalTestExecutionListener@593aaf41, org.springframework.test.context.jdbc.SqlScriptsTestExecutionListener@5a56cdac, org.springframework.test.context.event.EventPublishingTestExecutionListener@7c711375, org.springframework.boot.test.mock.mockito.ResetMocksTestExecutionListener@57cf54e1, org.springframework.boot.test.autoconfigure.restdocs.RestDocsTestExecutionListener@5b03b9fe, org.springframework.boot.test.autoconfigure.web.client.MockRestServiceServerResetTestExecutionListener@37d4349f, org.springframework.boot.test.autoconfigure.web.servlet.MockMvcPrintOnlyOnFailureTestExecutionListener@434a63ab, org.springframework.boot.test.autoconfigure.web.servlet.WebDriverTestExecutionListener@6e0f5f7f]
22:20:02.500 [main] DEBUG org.springframework.test.annotation.ProfileValueUtils - Retrieved @ProfileValueSourceConfiguration [null] for test class [controller.AdminControllerTest]
22:20:02.500 [main] DEBUG org.springframework.test.annotation.ProfileValueUtils - Retrieved ProfileValueSource type [class org.springframework.test.annotation.SystemProfileValueSource] for class [controller.AdminControllerTest]
22:20:02.500 [main] DEBUG org.springframework.test.context.junit4.SpringJUnit4ClassRunner - SpringJUnit4ClassRunner constructor called with [class controller.AnswerControllerTest]
22:20:02.500 [main] DEBUG org.springframework.test.context.BootstrapUtils - Instantiating CacheAwareContextLoaderDelegate from class [org.springframework.test.context.cache.DefaultCacheAwareContextLoaderDelegate]
22:20:02.500 [main] DEBUG org.springframework.test.context.BootstrapUtils - Instantiating BootstrapContext using constructor [public org.springframework.test.context.support.DefaultBootstrapContext(java.lang.Class,org.springframework.test.context.CacheAwareContextLoaderDelegate)]
22:20:02.500 [main] DEBUG org.springframework.test.context.BootstrapUtils - Instantiating TestContextBootstrapper for test class [controller.AnswerControllerTest] from class [org.springframework.boot.test.context.SpringBootTestContextBootstrapper]
22:20:02.500 [main] INFO org.springframework.boot.test.context.SpringBootTestContextBootstrapper - Neither @ContextConfiguration nor @ContextHierarchy found for test class [controller.AnswerControllerTest], using SpringBootContextLoader
22:20:02.516 [main] DEBUG org.springframework.test.context.support.AbstractContextLoader - Did not detect default resource location for test class [controller.AnswerControllerTest]: class path resource [controller/AnswerControllerTest-context.xml] does not exist
22:20:02.516 [main] DEBUG org.springframework.test.context.support.AbstractContextLoader - Did not detect default resource location for test class [controller.AnswerControllerTest]: class path resource [controller/AnswerControllerTestContext.groovy] does not exist
22:20:02.516 [main] INFO org.springframework.test.context.support.AbstractContextLoader - Could not detect default resource locations for test class [controller.AnswerControllerTest]: no resource found for suffixes {-context.xml, Context.groovy}.
22:20:02.516 [main] DEBUG org.springframework.test.context.support.ActiveProfilesUtils - Could not find an 'annotation declaring class' for annotation type [org.springframework.test.context.ActiveProfiles] and class [controller.AnswerControllerTest]
22:20:02.516 [main] DEBUG org.springframework.boot.test.context.SpringBootTestContextBootstrapper - @TestExecutionListeners is not present for class [controller.AnswerControllerTest]: using defaults.
22:20:02.516 [main] INFO org.springframework.boot.test.context.SpringBootTestContextBootstrapper - Loaded default TestExecutionListener class names from location [META-INF/spring.factories]: [org.springframework.boot.test.mock.mockito.MockitoTestExecutionListener, org.springframework.boot.test.mock.mockito.ResetMocksTestExecutionListener, org.springframework.boot.test.autoconfigure.restdocs.RestDocsTestExecutionListener, org.springframework.boot.test.autoconfigure.web.client.MockRestServiceServerResetTestExecutionListener, org.springframework.boot.test.autoconfigure.web.servlet.MockMvcPrintOnlyOnFailureTestExecutionListener, org.springframework.boot.test.autoconfigure.web.servlet.WebDriverTestExecutionListener, org.springframework.test.context.web.ServletTestExecutionListener, org.springframework.test.context.support.DirtiesContextBeforeModesTestExecutionListener, org.springframework.test.context.support.DependencyInjectionTestExecutionListener, org.springframework.test.context.support.DirtiesContextTestExecutionListener, org.springframework.test.context.transaction.TransactionalTestExecutionListener, org.springframework.test.context.jdbc.SqlScriptsTestExecutionListener, org.springframework.test.context.event.EventPublishingTestExecutionListener]
22:20:02.516 [main] INFO org.springframework.boot.test.context.SpringBootTestContextBootstrapper - Using TestExecutionListeners: [org.springframework.test.context.web.ServletTestExecutionListener@3ee37e5a, org.springframework.test.context.support.DirtiesContextBeforeModesTestExecutionListener@2ea41516, org.springframework.boot.test.mock.mockito.MockitoTestExecutionListener@3a44431a, org.springframework.boot.test.autoconfigure.SpringBootDependencyInjectionTestExecutionListener@3c7f66c4, org.springframework.test.context.support.DirtiesContextTestExecutionListener@194bcebf, org.springframework.test.context.transaction.TransactionalTestExecutionListener@17497425, org.springframework.test.context.jdbc.SqlScriptsTestExecutionListener@f0da945, org.springframework.test.context.event.EventPublishingTestExecutionListener@4803b726, org.springframework.boot.test.mock.mockito.ResetMocksTestExecutionListener@ffaa6af, org.springframework.boot.test.autoconfigure.restdocs.RestDocsTestExecutionListener@53ce1329, org.springframework.boot.test.autoconfigure.web.client.MockRestServiceServerResetTestExecutionListener@316bcf94, org.springframework.boot.test.autoconfigure.web.servlet.MockMvcPrintOnlyOnFailureTestExecutionListener@6404f418, org.springframework.boot.test.autoconfigure.web.servlet.WebDriverTestExecutionListener@3e11f9e9]
22:20:02.516 [main] DEBUG org.springframework.test.annotation.ProfileValueUtils - Retrieved @ProfileValueSourceConfiguration [null] for test class [controller.AnswerControllerTest]
22:20:02.532 [main] DEBUG org.springframework.test.annotation.ProfileValueUtils - Retrieved ProfileValueSource type [class org.springframework.test.annotation.SystemProfileValueSource] for class [controller.AnswerControllerTest]
22:20:02.532 [main] DEBUG org.springframework.test.context.junit4.SpringJUnit4ClassRunner - SpringJUnit4ClassRunner constructor called with [class controller.CommonControllerTest]
22:20:02.532 [main] DEBUG org.springframework.test.context.BootstrapUtils - Instantiating CacheAwareContextLoaderDelegate from class [org.springframework.test.context.cache.DefaultCacheAwareContextLoaderDelegate]
22:20:02.532 [main] DEBUG org.springframework.test.context.BootstrapUtils - Instantiating BootstrapContext using constructor [public org.springframework.test.context.support.DefaultBootstrapContext(java.lang.Class,org.springframework.test.context.CacheAwareContextLoaderDelegate)]
22:20:02.532 [main] DEBUG org.springframework.test.context.BootstrapUtils - Instantiating TestContextBootstrapper for test class [controller.CommonControllerTest] from class [org.springframework.boot.test.context.SpringBootTestContextBootstrapper]
22:20:02.532 [main] INFO org.springframework.boot.test.context.SpringBootTestContextBootstrapper - Neither @ContextConfiguration nor @ContextHierarchy found for test class [controller.CommonControllerTest], using SpringBootContextLoader
22:20:02.532 [main] DEBUG org.springframework.test.context.support.AbstractContextLoader - Did not detect default resource location for test class [controller.CommonControllerTest]: class path resource [controller/CommonControllerTest-context.xml] does not exist
22:20:02.532 [main] DEBUG org.springframework.test.context.support.AbstractContextLoader - Did not detect default resource location for test class [controller.CommonControllerTest]: class path resource [controller/CommonControllerTestContext.groovy] does not exist
22:20:02.532 [main] INFO org.springframework.test.context.support.AbstractContextLoader - Could not detect default resource locations for test class [controller.CommonControllerTest]: no resource found for suffixes {-context.xml, Context.groovy}.
22:20:02.532 [main] DEBUG org.springframework.test.context.support.ActiveProfilesUtils - Could not find an 'annotation declaring class' for annotation type [org.springframework.test.context.ActiveProfiles] and class [controller.CommonControllerTest]
22:20:02.547 [main] DEBUG org.springframework.boot.test.context.SpringBootTestContextBootstrapper - @TestExecutionListeners is not present for class [controller.CommonControllerTest]: using defaults.
22:20:02.547 [main] INFO org.springframework.boot.test.context.SpringBootTestContextBootstrapper - Loaded default TestExecutionListener class names from location [META-INF/spring.factories]: [org.springframework.boot.test.mock.mockito.MockitoTestExecutionListener, org.springframework.boot.test.mock.mockito.ResetMocksTestExecutionListener, org.springframework.boot.test.autoconfigure.restdocs.RestDocsTestExecutionListener, org.springframework.boot.test.autoconfigure.web.client.MockRestServiceServerResetTestExecutionListener, org.springframework.boot.test.autoconfigure.web.servlet.MockMvcPrintOnlyOnFailureTestExecutionListener, org.springframework.boot.test.autoconfigure.web.servlet.WebDriverTestExecutionListener, org.springframework.test.context.web.ServletTestExecutionListener, org.springframework.test.context.support.DirtiesContextBeforeModesTestExecutionListener, org.springframework.test.context.support.DependencyInjectionTestExecutionListener, org.springframework.test.context.support.DirtiesContextTestExecutionListener, org.springframework.test.context.transaction.TransactionalTestExecutionListener, org.springframework.test.context.jdbc.SqlScriptsTestExecutionListener, org.springframework.test.context.event.EventPublishingTestExecutionListener]
22:20:02.547 [main] INFO org.springframework.boot.test.context.SpringBootTestContextBootstrapper - Using TestExecutionListeners: [org.springframework.test.context.web.ServletTestExecutionListener@957e06, org.springframework.test.context.support.DirtiesContextBeforeModesTestExecutionListener@32502377, org.springframework.boot.test.mock.mockito.MockitoTestExecutionListener@2c1b194a, org.springframework.boot.test.autoconfigure.SpringBootDependencyInjectionTestExecutionListener@4dbb42b7, org.springframework.test.context.support.DirtiesContextTestExecutionListener@66f57048, org.springframework.test.context.transaction.TransactionalTestExecutionListener@550dbc7a, org.springframework.test.context.jdbc.SqlScriptsTestExecutionListener@21282ed8, org.springframework.test.context.event.EventPublishingTestExecutionListener@36916eb0, org.springframework.boot.test.mock.mockito.ResetMocksTestExecutionListener@7bab3f1a, org.springframework.boot.test.autoconfigure.restdocs.RestDocsTestExecutionListener@437da279, org.springframework.boot.test.autoconfigure.web.client.MockRestServiceServerResetTestExecutionListener@23c30a20, org.springframework.boot.test.autoconfigure.web.servlet.MockMvcPrintOnlyOnFailureTestExecutionListener@1e1a0406, org.springframework.boot.test.autoconfigure.web.servlet.WebDriverTestExecutionListener@3cebbb30]
22:20:02.547 [main] DEBUG org.springframework.test.annotation.ProfileValueUtils - Retrieved @ProfileValueSourceConfiguration [null] for test class [controller.CommonControllerTest]
22:20:02.547 [main] DEBUG org.springframework.test.annotation.ProfileValueUtils - Retrieved ProfileValueSource type [class org.springframework.test.annotation.SystemProfileValueSource] for class [controller.CommonControllerTest]
22:20:02.547 [main] DEBUG org.springframework.test.context.junit4.SpringJUnit4ClassRunner - SpringJUnit4ClassRunner constructor called with [class controller.QuestionControllerTest]
22:20:02.547 [main] DEBUG org.springframework.test.context.BootstrapUtils - Instantiating CacheAwareContextLoaderDelegate from class [org.springframework.test.context.cache.DefaultCacheAwareContextLoaderDelegate]
22:20:02.547 [main] DEBUG org.springframework.test.context.BootstrapUtils - Instantiating BootstrapContext using constructor [public org.springframework.test.context.support.DefaultBootstrapContext(java.lang.Class,org.springframework.test.context.CacheAwareContextLoaderDelegate)]
22:20:02.547 [main] DEBUG org.springframework.test.context.BootstrapUtils - Instantiating TestContextBootstrapper for test class [controller.QuestionControllerTest] from class [org.springframework.boot.test.context.SpringBootTestContextBootstrapper]
22:20:02.547 [main] INFO org.springframework.boot.test.context.SpringBootTestContextBootstrapper - Neither @ContextConfiguration nor @ContextHierarchy found for test class [controller.QuestionControllerTest], using SpringBootContextLoader
22:20:02.547 [main] DEBUG org.springframework.test.context.support.AbstractContextLoader - Did not detect default resource location for test class [controller.QuestionControllerTest]: class path resource [controller/QuestionControllerTest-context.xml] does not exist
22:20:02.547 [main] DEBUG org.springframework.test.context.support.AbstractContextLoader - Did not detect default resource location for test class [controller.QuestionControllerTest]: class path resource [controller/QuestionControllerTestContext.groovy] does not exist
22:20:02.547 [main] INFO org.springframework.test.context.support.AbstractContextLoader - Could not detect default resource locations for test class [controller.QuestionControllerTest]: no resource found for suffixes {-context.xml, Context.groovy}.
22:20:02.563 [main] DEBUG org.springframework.test.context.support.ActiveProfilesUtils - Could not find an 'annotation declaring class' for annotation type [org.springframework.test.context.ActiveProfiles] and class [controller.QuestionControllerTest]
22:20:02.563 [main] DEBUG org.springframework.boot.test.context.SpringBootTestContextBootstrapper - @TestExecutionListeners is not present for class [controller.QuestionControllerTest]: using defaults.
22:20:02.563 [main] INFO org.springframework.boot.test.context.SpringBootTestContextBootstrapper - Loaded default TestExecutionListener class names from location [META-INF/spring.factories]: [org.springframework.boot.test.mock.mockito.MockitoTestExecutionListener, org.springframework.boot.test.mock.mockito.ResetMocksTestExecutionListener, org.springframework.boot.test.autoconfigure.restdocs.RestDocsTestExecutionListener, org.springframework.boot.test.autoconfigure.web.client.MockRestServiceServerResetTestExecutionListener, org.springframework.boot.test.autoconfigure.web.servlet.MockMvcPrintOnlyOnFailureTestExecutionListener, org.springframework.boot.test.autoconfigure.web.servlet.WebDriverTestExecutionListener, org.springframework.test.context.web.ServletTestExecutionListener, org.springframework.test.context.support.DirtiesContextBeforeModesTestExecutionListener, org.springframework.test.context.support.DependencyInjectionTestExecutionListener, org.springframework.test.context.support.DirtiesContextTestExecutionListener, org.springframework.test.context.transaction.TransactionalTestExecutionListener, org.springframework.test.context.jdbc.SqlScriptsTestExecutionListener, org.springframework.test.context.event.EventPublishingTestExecutionListener]
22:20:02.563 [main] INFO org.springframework.boot.test.context.SpringBootTestContextBootstrapper - Using TestExecutionListeners: [org.springframework.test.context.web.ServletTestExecutionListener@290222c1, org.springframework.test.context.support.DirtiesContextBeforeModesTestExecutionListener@67f639d3, org.springframework.boot.test.mock.mockito.MockitoTestExecutionListener@6253c26, org.springframework.boot.test.autoconfigure.SpringBootDependencyInjectionTestExecutionListener@49049a04, org.springframework.test.context.support.DirtiesContextTestExecutionListener@71a8adcf, org.springframework.test.context.transaction.TransactionalTestExecutionListener@27462a88, org.springframework.test.context.jdbc.SqlScriptsTestExecutionListener@82de64a, org.springframework.test.context.event.EventPublishingTestExecutionListener@659499f1, org.springframework.boot.test.mock.mockito.ResetMocksTestExecutionListener@51e69659, org.springframework.boot.test.autoconfigure.restdocs.RestDocsTestExecutionListener@47e2e487, org.springframework.boot.test.autoconfigure.web.client.MockRestServiceServerResetTestExecutionListener@201a4587, org.springframework.boot.test.autoconfigure.web.servlet.MockMvcPrintOnlyOnFailureTestExecutionListener@61001b64, org.springframework.boot.test.autoconfigure.web.servlet.WebDriverTestExecutionListener@4310d43]
22:20:02.563 [main] DEBUG org.springframework.test.annotation.ProfileValueUtils - Retrieved @ProfileValueSourceConfiguration [null] for test class [controller.QuestionControllerTest]
22:20:02.563 [main] DEBUG org.springframework.test.annotation.ProfileValueUtils - Retrieved ProfileValueSource type [class org.springframework.test.annotation.SystemProfileValueSource] for class [controller.QuestionControllerTest]
22:20:02.570 [main] DEBUG org.springframework.test.context.junit4.SpringJUnit4ClassRunner - SpringJUnit4ClassRunner constructor called with [class controller.UserControllerTest]
22:20:02.570 [main] DEBUG org.springframework.test.context.BootstrapUtils - Instantiating CacheAwareContextLoaderDelegate from class [org.springframework.test.context.cache.DefaultCacheAwareContextLoaderDelegate]
22:20:02.570 [main] DEBUG org.springframework.test.context.BootstrapUtils - Instantiating BootstrapContext using constructor [public org.springframework.test.context.support.DefaultBootstrapContext(java.lang.Class,org.springframework.test.context.CacheAwareContextLoaderDelegate)]
22:20:02.570 [main] DEBUG org.springframework.test.context.BootstrapUtils - Instantiating TestContextBootstrapper for test class [controller.UserControllerTest] from class [org.springframework.boot.test.context.SpringBootTestContextBootstrapper]
22:20:02.570 [main] INFO org.springframework.boot.test.context.SpringBootTestContextBootstrapper - Neither @ContextConfiguration nor @ContextHierarchy found for test class [controller.UserControllerTest], using SpringBootContextLoader
22:20:02.570 [main] DEBUG org.springframework.test.context.support.AbstractContextLoader - Did not detect default resource location for test class [controller.UserControllerTest]: class path resource [controller/UserControllerTest-context.xml] does not exist
22:20:02.570 [main] DEBUG org.springframework.test.context.support.AbstractContextLoader - Did not detect default resource location for test class [controller.UserControllerTest]: class path resource [controller/UserControllerTestContext.groovy] does not exist
22:20:02.570 [main] INFO org.springframework.test.context.support.AbstractContextLoader - Could not detect default resource locations for test class [controller.UserControllerTest]: no resource found for suffixes {-context.xml, Context.groovy}.
22:20:02.570 [main] DEBUG org.springframework.test.context.support.ActiveProfilesUtils - Could not find an 'annotation declaring class' for annotation type [org.springframework.test.context.ActiveProfiles] and class [controller.UserControllerTest]
22:20:02.570 [main] DEBUG org.springframework.boot.test.context.SpringBootTestContextBootstrapper - @TestExecutionListeners is not present for class [controller.UserControllerTest]: using defaults.
22:20:02.570 [main] INFO org.springframework.boot.test.context.SpringBootTestContextBootstrapper - Loaded default TestExecutionListener class names from location [META-INF/spring.factories]: [org.springframework.boot.test.mock.mockito.MockitoTestExecutionListener, org.springframework.boot.test.mock.mockito.ResetMocksTestExecutionListener, org.springframework.boot.test.autoconfigure.restdocs.RestDocsTestExecutionListener, org.springframework.boot.test.autoconfigure.web.client.MockRestServiceServerResetTestExecutionListener, org.springframework.boot.test.autoconfigure.web.servlet.MockMvcPrintOnlyOnFailureTestExecutionListener, org.springframework.boot.test.autoconfigure.web.servlet.WebDriverTestExecutionListener, org.springframework.test.context.web.ServletTestExecutionListener, org.springframework.test.context.support.DirtiesContextBeforeModesTestExecutionListener, org.springframework.test.context.support.DependencyInjectionTestExecutionListener, org.springframework.test.context.support.DirtiesContextTestExecutionListener, org.springframework.test.context.transaction.TransactionalTestExecutionListener, org.springframework.test.context.jdbc.SqlScriptsTestExecutionListener, org.springframework.test.context.event.EventPublishingTestExecutionListener]
22:20:02.570 [main] INFO org.springframework.boot.test.context.SpringBootTestContextBootstrapper - Using TestExecutionListeners: [org.springframework.test.context.web.ServletTestExecutionListener@26e356f0, org.springframework.test.context.support.DirtiesContextBeforeModesTestExecutionListener@47d9a273, org.springframework.boot.test.mock.mockito.MockitoTestExecutionListener@4b8ee4de, org.springframework.boot.test.autoconfigure.SpringBootDependencyInjectionTestExecutionListener@27f981c6, org.springframework.test.context.support.DirtiesContextTestExecutionListener@1b11171f, org.springframework.test.context.transaction.TransactionalTestExecutionListener@1151e434, org.springframework.test.context.jdbc.SqlScriptsTestExecutionListener@2dc54ad4, org.springframework.test.context.event.EventPublishingTestExecutionListener@4659191b, org.springframework.boot.test.mock.mockito.ResetMocksTestExecutionListener@55634720, org.springframework.boot.test.autoconfigure.restdocs.RestDocsTestExecutionListener@4b0d79fc, org.springframework.boot.test.autoconfigure.web.client.MockRestServiceServerResetTestExecutionListener@4c1909a3, org.springframework.boot.test.autoconfigure.web.servlet.MockMvcPrintOnlyOnFailureTestExecutionListener@428640fa, org.springframework.boot.test.autoconfigure.web.servlet.WebDriverTestExecutionListener@d9345cd]
22:20:02.570 [main] DEBUG org.springframework.test.annotation.ProfileValueUtils - Retrieved @ProfileValueSourceConfiguration [null] for test class [controller.UserControllerTest]
22:20:02.570 [main] DEBUG org.springframework.test.annotation.ProfileValueUtils - Retrieved ProfileValueSource type [class org.springframework.test.annotation.SystemProfileValueSource] for class [controller.UserControllerTest]
22:20:02.729 [main] DEBUG org.springframework.test.annotation.ProfileValueUtils - Retrieved @ProfileValueSourceConfiguration [null] for test class [controller.AdminControllerTest]
22:20:02.729 [main] DEBUG org.springframework.test.annotation.ProfileValueUtils - Retrieved ProfileValueSource type [class org.springframework.test.annotation.SystemProfileValueSource] for class [controller.AdminControllerTest]
22:20:02.745 [main] DEBUG org.springframework.test.annotation.ProfileValueUtils - Retrieved @ProfileValueSourceConfiguration [null] for test class [controller.AdminControllerTest]
22:20:02.745 [main] DEBUG org.springframework.test.annotation.ProfileValueUtils - Retrieved ProfileValueSource type [class org.springframework.test.annotation.SystemProfileValueSource] for class [controller.AdminControllerTest]
22:20:02.745 [main] DEBUG org.springframework.test.annotation.ProfileValueUtils - Retrieved @ProfileValueSourceConfiguration [null] for test class [controller.AdminControllerTest]
22:20:02.745 [main] DEBUG org.springframework.test.annotation.ProfileValueUtils - Retrieved ProfileValueSource type [class org.springframework.test.annotation.SystemProfileValueSource] for class [controller.AdminControllerTest]
22:20:02.745 [main] DEBUG org.springframework.test.context.support.AbstractDirtiesContextTestExecutionListener - Before test class: context [DefaultTestContext@4d1bf319 testClass = AdminControllerTest, testInstance = [null], testMethod = [null], testException = [null], mergedContextConfiguration = [WebMergedContextConfiguration@6f53b8a testClass = AdminControllerTest, locations = '{}', classes = '{class com.upgrad.stackoverflow.api.StackoverflowApiApplication, class com.upgrad.stackoverflow.api.StackoverflowApiApplication}', contextInitializerClasses = '[]', activeProfiles = '{}', propertySourceLocations = '{}', propertySourceProperties = '{org.springframework.boot.test.context.SpringBootTestContextBootstrapper=true}', contextCustomizers = set[[ImportsContextCustomizer@5c80cf32 key = [org.springframework.boot.test.autoconfigure.web.servlet.MockMvcAutoConfiguration, org.springframework.boot.test.autoconfigure.web.servlet.MockMvcWebClientAutoConfiguration, org.springframework.boot.test.autoconfigure.web.servlet.MockMvcWebDriverAutoConfiguration, org.springframework.boot.autoconfigure.security.servlet.SecurityAutoConfiguration, org.springframework.boot.autoconfigure.security.servlet.UserDetailsServiceAutoConfiguration, org.springframework.boot.test.autoconfigure.web.servlet.MockMvcSecurityConfiguration]], org.springframework.boot.test.context.filter.ExcludeFilterContextCustomizer@4df50bcc, org.springframework.boot.test.json.DuplicateJsonObjectContextCustomizerFactory$DuplicateJsonObjectContextCustomizer@54c562f7, org.springframework.boot.test.mock.mockito.MockitoContextCustomizer@0, org.springframework.boot.test.web.client.TestRestTemplateContextCustomizer@7f010382, org.springframework.boot.test.autoconfigure.properties.PropertyMappingContextCustomizer@4b3fa0b3, org.springframework.boot.test.autoconfigure.web.servlet.WebDriverContextCustomizerFactory$Customizer@1534f01b], resourceBasePath = 'src/main/webapp', contextLoader = 'org.springframework.boot.test.context.SpringBootContextLoader', parent = [null]], attributes = map['org.springframework.test.context.web.ServletTestExecutionListener.activateListener' -> true]], class annotated with @DirtiesContext [false] with mode [null].
22:20:02.762 [main] DEBUG org.springframework.test.annotation.ProfileValueUtils - Retrieved @ProfileValueSourceConfiguration [null] for test class [controller.AdminControllerTest]
22:20:02.762 [main] DEBUG org.springframework.test.annotation.ProfileValueUtils - Retrieved ProfileValueSource type [class org.springframework.test.annotation.SystemProfileValueSource] for class [controller.AdminControllerTest]
22:20:02.824 [main] DEBUG org.springframework.test.context.support.TestPropertySourceUtils - Adding inlined properties to environment: {spring.jmx.enabled=false, org.springframework.boot.test.context.SpringBootTestContextBootstrapper=true, server.port=-1}

  .   ____          _            __ _ _
 /\\ / ___'_ __ _ _(_)_ __  __ _ \ \ \ \
( ( )\___ | '_ | '_| | '_ \/ _` | \ \ \ \
 \\/  ___)| |_)| | | | | || (_| |  ) ) ) )
  '  |____| .__|_| |_|_| |_\__, | / / / /
 =========|_|==============|___/=/_/_/_/
 :: Spring Boot ::        (v2.2.5.RELEASE)

2020-05-02 22:20:03.693  INFO 12704 --- [           main] controller.AdminControllerTest           : Starting AdminControllerTest on LAPTOP-S7PTCC5N with PID 12704 (started by User in F:\Github\backend-api-stackoverflow-stub\backend-api-stackoverflow-stub\stackoverflow-api)
2020-05-02 22:20:03.697  INFO 12704 --- [           main] controller.AdminControllerTest           : No active profile set, falling back to default profiles: default
2020-05-02 22:20:05.938  INFO 12704 --- [           main] .s.d.r.c.RepositoryConfigurationDelegate : Bootstrapping Spring Data JPA repositories in DEFAULT mode.
2020-05-02 22:20:06.001  INFO 12704 --- [           main] .s.d.r.c.RepositoryConfigurationDelegate : Finished Spring Data repository scanning in 40ms. Found 0 JPA repository interfaces.
2020-05-02 22:20:07.551  INFO 12704 --- [           main] com.zaxxer.hikari.HikariDataSource       : HikariPool-1 - Starting...
2020-05-02 22:20:08.086  INFO 12704 --- [           main] com.zaxxer.hikari.HikariDataSource       : HikariPool-1 - Start completed.
2020-05-02 22:20:08.273  INFO 12704 --- [           main] o.hibernate.jpa.internal.util.LogHelper  : HHH000204: Processing PersistenceUnitInfo [name: default]
2020-05-02 22:20:08.544  INFO 12704 --- [           main] org.hibernate.Version                    : HHH000412: Hibernate ORM core version 5.4.12.Final
2020-05-02 22:20:08.961  INFO 12704 --- [           main] o.hibernate.annotations.common.Version   : HCANN000001: Hibernate Commons Annotations {5.1.0.Final}
2020-05-02 22:20:09.762  INFO 12704 --- [           main] org.hibernate.dialect.Dialect            : HHH000400: Using dialect: org.hibernate.dialect.PostgreSQL10Dialect
2020-05-02 22:20:11.944  INFO 12704 --- [           main] o.h.e.t.j.p.i.JtaPlatformInitiator       : HHH000490: Using JtaPlatform implementation: [org.hibernate.engine.transaction.jta.platform.internal.NoJtaPlatform]
2020-05-02 22:20:12.166  INFO 12704 --- [           main] j.LocalContainerEntityManagerFactoryBean : Initialized JPA EntityManagerFactory for persistence unit 'default'
2020-05-02 22:20:13.076  WARN 12704 --- [           main] JpaBaseConfiguration$JpaWebConfiguration : spring.jpa.open-in-view is enabled by default. Therefore, database queries may be performed during view rendering. Explicitly configure spring.jpa.open-in-view to disable this warning
2020-05-02 22:20:14.242  INFO 12704 --- [           main] o.s.s.concurrent.ThreadPoolTaskExecutor  : Initializing ExecutorService 'applicationTaskExecutor'
2020-05-02 22:20:14.768  INFO 12704 --- [           main] o.s.b.t.m.w.SpringBootMockServletContext : Initializing Spring TestDispatcherServlet ''
2020-05-02 22:20:14.768  INFO 12704 --- [           main] o.s.t.web.servlet.TestDispatcherServlet  : Initializing Servlet ''
2020-05-02 22:20:14.807  INFO 12704 --- [           main] o.s.t.web.servlet.TestDispatcherServlet  : Completed initialization in 39 ms
2020-05-02 22:20:14.823  INFO 12704 --- [           main] d.s.w.p.DocumentationPluginsBootstrapper : Context refreshed
2020-05-02 22:20:14.870  INFO 12704 --- [           main] d.s.w.p.DocumentationPluginsBootstrapper : Found 1 custom documentation plugin(s)
2020-05-02 22:20:14.901  INFO 12704 --- [           main] s.d.s.w.s.ApiListingReferenceScanner     : Scanning for api listing references
2020-05-02 22:20:15.707  INFO 12704 --- [           main] controller.AdminControllerTest           : Started AdminControllerTest in 12.868 seconds (JVM running for 15.154)

MockHttpServletRequest:
      HTTP Method = DELETE
      Request URI = /admin/user/database_uuid4
       Parameters = {}
          Headers = [authorization:"database_accesstoken1"]
             Body = null
    Session Attrs = {}

Handler:
             Type = org.springframework.web.servlet.resource.ResourceHttpRequestHandler

Async:
    Async started = false
     Async result = null

Resolved Exception:
             Type = null

ModelAndView:
        View name = null
             View = null
            Model = null

FlashMap:
       Attributes = null

MockHttpServletResponse:
           Status = 404
    Error message = null
          Headers = [Vary:"Origin", "Access-Control-Request-Method", "Access-Control-Request-Headers"]
     Content type = null
             Body = 
    Forwarded URL = null
   Redirected URL = null
          Cookies = []
]]></system-out>
  </testcase>
  <testcase name="deleteWithNonExistingAccessToken" classname="controller.AdminControllerTest" time="0.114">
    <failure message="Status expected:&lt;403&gt; but was:&lt;404&gt;" type="java.lang.AssertionError"><![CDATA[java.lang.AssertionError: Status expected:<403> but was:<404>
	at controller.AdminControllerTest.deleteWithNonExistingAccessToken(AdminControllerTest.java:34)
]]></failure>
    <system-out><![CDATA[
MockHttpServletRequest:
      HTTP Method = DELETE
      Request URI = /admin/user/database_uuid4
       Parameters = {}
          Headers = [authorization:"non_existing_access_token"]
             Body = null
    Session Attrs = {}

Handler:
             Type = org.springframework.web.servlet.resource.ResourceHttpRequestHandler

Async:
    Async started = false
     Async result = null

Resolved Exception:
             Type = null

ModelAndView:
        View name = null
             View = null
            Model = null

FlashMap:
       Attributes = null

MockHttpServletResponse:
           Status = 404
    Error message = null
          Headers = [Vary:"Origin", "Access-Control-Request-Method", "Access-Control-Request-Headers"]
     Content type = null
             Body = 
    Forwarded URL = null
   Redirected URL = null
          Cookies = []
]]></system-out>
  </testcase>
  <testcase name="deleteNonExistingUser" classname="controller.AdminControllerTest" time="0.076">
    <failure message="No value at JSON path &quot;code&quot;" type="java.lang.AssertionError">java.lang.AssertionError: No value at JSON path "code"
	at controller.AdminControllerTest.deleteNonExistingUser(AdminControllerTest.java:52)
Caused by: java.lang.IllegalArgumentException: json can not be null or empty
	at controller.AdminControllerTest.deleteNonExistingUser(AdminControllerTest.java:52)
</failure>
    <system-out><![CDATA[
MockHttpServletRequest:
      HTTP Method = DELETE
      Request URI = /admin/user/non_existing_user_uuid
       Parameters = {}
          Headers = [authorization:"database_accesstoken"]
             Body = null
    Session Attrs = {}

Handler:
             Type = org.springframework.web.servlet.resource.ResourceHttpRequestHandler

Async:
    Async started = false
     Async result = null

Resolved Exception:
             Type = null

ModelAndView:
        View name = null
             View = null
            Model = null

FlashMap:
       Attributes = null

MockHttpServletResponse:
           Status = 404
    Error message = null
          Headers = [Vary:"Origin", "Access-Control-Request-Method", "Access-Control-Request-Headers"]
     Content type = null
             Body = 
    Forwarded URL = null
   Redirected URL = null
          Cookies = []
]]></system-out>
  </testcase>
</testsuite>